<?xml version="1.0" encoding="UTF-8"?>
<!-- Generated by org.testng.reporters.JUnitReportReporter -->
<testsuite skipped="0" hostname="RayPC" name="test.testNGdemo" tests="1" failures="0" timestamp="2020-04-20T13:01:09 EDT" time="0.024" errors="0">
  <testcase name="Demo" time="0.024" classname="test.testNGdemo"/>
  <system-out/>
</testsuite> <!-- test.testNGdemo -->
